#
# A fatal error has been detected by the Java Runtime Environment:
#
#  EXCEPTION_ACCESS_VIOLATION (0xc0000005) at pc=0x617493cd, pid=10376, tid=0x00002ecc
#
# JRE version: Java(TM) SE Runtime Environment (8.0_92-b14) (build 1.8.0_92-b14)
# Java VM: Java HotSpot(TM) Client VM (25.92-b14 mixed mode windows-x86 )
# Problematic frame:
# C  [listSerialsj.dll+0x93cd]
#
# Failed to write core dump. Minidumps are not enabled by default on client versions of Windows
#
# If you would like to submit a bug report, please visit:
#   http://bugreport.java.com/bugreport/crash.jsp
# The crash happened outside the Java Virtual Machine in native code.
# See problematic frame for where to report the bug.
#

---------------  T H R E A D  ---------------

Current thread (0x273d5c00):  JavaThread "cc.arduino.packages.discoverers.serial.SerialBoardsLister" [_thread_in_native, id=11980, stack(0x27d70000,0x27dc0000)]

siginfo: ExceptionCode=0xc0000005, writing address 0x00000000

Registers:
EAX=0x00000000, EBX=0x00000f3c, ECX=0x00000000, EDX=0x00000001
ESP=0x27dbf110, EBP=0x27dbf568, ESI=0x00000004, EDI=0x0073ba20
EIP=0x617493cd, EFLAGS=0x00010246

Top of Stack: (sp=0x27dbf110)
0x27dbf110:   28ff5b78 0000002e 00000002 00000000
0x27dbf120:   00000003 00000000 00000000 00000000
0x27dbf130:   27dbf150 0073ba20 0000006c 76e6a540
0x27dbf140:   28ffeff0 00067645 0073c418 00000039
0x27dbf150:   7405c070 00000007 00000055 00000002
0x27dbf160:   00000001 0000006c 0000004f 0000008c
0x27dbf170:   008cf15c 00000000 334d4f43 00dbf700
0x27dbf180:   00425355 27006d65 5be6e1f8 5be76d28 

Instructions: (pc=0x617493cd)
0x617493ad:   8b 45 08 8b 90 94 00 00 00 85 d2 74 16 8b 40 2c
0x617493bd:   c7 44 24 04 2e 00 00 00 89 04 24 e8 73 14 00 00
0x617493cd:   c6 00 00 8d 85 04 fc ff ff 89 44 24 18 8d 85 0a
0x617493dd:   fc ff ff 89 44 24 10 a1 e4 01 75 61 c7 85 04 fc 


Register to memory mapping:

EAX=0x00000000 is an unknown value
EBX=0x00000f3c is an unknown value
ECX=0x00000000 is an unknown value
EDX=0x00000001 is an unknown value
ESP=0x27dbf110 is pointing into the stack for thread: 0x273d5c00
EBP=0x27dbf568 is pointing into the stack for thread: 0x273d5c00
ESI=0x00000004 is an unknown value
EDI=0x0073ba20 is an unknown value


Stack: [0x27d70000,0x27dc0000],  sp=0x27dbf110,  free space=316k
Native frames: (J=compiled Java code, j=interpreted, Vv=VM code, C=native code)
C  [listSerialsj.dll+0x93cd]
C  [listSerialsj.dll+0x2211]

Java frames: (J=compiled Java code, j=interpreted, Vv=VM code)
j  processing.app.Platform.listSerialsNative()[Ljava/lang/String;+0
j  processing.app.Platform.listSerials()Ljava/util/List;+5
j  cc.arduino.packages.discoverers.serial.SerialBoardsLister.retriggerDiscovery(Z)V+22
j  cc.arduino.packages.discoverers.serial.SerialBoardsLister.run()V+9
j  java.util.TimerThread.mainLoop()V+221
j  java.util.TimerThread.run()V+1
v  ~StubRoutines::call_stub

---------------  P R O C E S S  ---------------

Java Threads: ( => current thread )
  0x27930c00 JavaThread "EventThread COM3" [_thread_in_native, id=2528, stack(0x00f00000,0x00f50000)]
  0x27935800 JavaThread "DestroyJavaVM" [_thread_blocked, id=9068, stack(0x00d30000,0x00d80000)]
  0x27930000 JavaThread "TimerQueue" daemon [_thread_blocked, id=3188, stack(0x29240000,0x29290000)]
  0x2742c400 JavaThread "Batik CleanerThread" daemon [_thread_blocked, id=8316, stack(0x28930000,0x28980000)]
  0x2742cc00 JavaThread "AWT-EventQueue-0" [_thread_blocked, id=8356, stack(0x28610000,0x28660000)]
  0x2742a000 JavaThread "AWT-Shutdown" [_thread_blocked, id=7292, stack(0x25d10000,0x25d60000)]
  0x2742a800 JavaThread "JmDNS(DESKTOP-5GGVQH5.local.).Timer" daemon [_thread_blocked, id=5436, stack(0x28580000,0x285d0000)]
  0x2742ac00 JavaThread "JmDNS(DESKTOP-5GGVQH5.local.).State.Timer" [_thread_blocked, id=11852, stack(0x284f0000,0x28540000)]
  0x2742c000 JavaThread "JmDNS(DESKTOP-5GGVQH5.local.).Timer" daemon [_thread_blocked, id=11844, stack(0x28460000,0x284b0000)]
  0x2742b800 JavaThread "SocketListener(DESKTOP-5GGVQH5.local.)" daemon [_thread_in_native, id=7040, stack(0x283d0000,0x28420000)]
  0x2742b400 JavaThread "JmDNS(DESKTOP-5GGVQH5.local.).Timer" daemon [_thread_blocked, id=8428, stack(0x28240000,0x28290000)]
  0x2746b400 JavaThread "JmDNS(DESKTOP-5GGVQH5.local.).State.Timer" [_thread_blocked, id=10956, stack(0x281b0000,0x28200000)]
  0x2746c800 JavaThread "JmDNS(DESKTOP-5GGVQH5.local.).Timer" daemon [_thread_blocked, id=4376, stack(0x28120000,0x28170000)]
  0x2746a400 JavaThread "SocketListener(DESKTOP-5GGVQH5.local.)" daemon [_thread_in_native, id=10924, stack(0x28090000,0x280e0000)]
  0x273bd000 JavaThread "cc.arduino.packages.discoverers.network.BoardReachabilityFilter" [_thread_blocked, id=11704, stack(0x27e90000,0x27ee0000)]
  0x273d6400 JavaThread "cc.arduino.packages.discoverers.network.NetworkChecker" [_thread_blocked, id=11672, stack(0x27e00000,0x27e50000)]
=>0x273d5c00 JavaThread "cc.arduino.packages.discoverers.serial.SerialBoardsLister" [_thread_in_native, id=11980, stack(0x27d70000,0x27dc0000)]
  0x25895c00 JavaThread "AWT-Windows" daemon [_thread_in_native, id=2152, stack(0x25da0000,0x25df0000)]
  0x25894400 JavaThread "Java2D Disposer" daemon [_thread_blocked, id=4308, stack(0x25c80000,0x25cd0000)]
  0x250bdc00 JavaThread "Service Thread" daemon [_thread_blocked, id=8748, stack(0x25670000,0x256c0000)]
  0x2509f000 JavaThread "C1 CompilerThread0" daemon [_thread_blocked, id=10520, stack(0x255e0000,0x25630000)]
  0x2509d400 JavaThread "Attach Listener" daemon [_thread_blocked, id=11752, stack(0x25550000,0x255a0000)]
  0x2509b400 JavaThread "Signal Dispatcher" daemon [_thread_blocked, id=11712, stack(0x254c0000,0x25510000)]
  0x2508b000 JavaThread "Finalizer" daemon [_thread_blocked, id=6968, stack(0x25340000,0x25390000)]
  0x25075400 JavaThread "Reference Handler" daemon [_thread_blocked, id=3440, stack(0x252b0000,0x25300000)]

Other Threads:
  0x00ebd400 VMThread [stack: 0x25020000,0x25070000] [id=8300]
  0x250a8c00 WatcherThread [stack: 0x25700000,0x25750000] [id=5552]

VM state:not at safepoint (normal execution)

VM Mutex/Monitor currently owned by a thread: None

Heap:
 def new generation   total 39424K, used 34350K [0x04a00000, 0x074c0000, 0x0f4a0000)
  eden space 35072K,  93% used [0x04a00000, 0x069feec0, 0x06c40000)
  from space 4352K,  36% used [0x06c40000, 0x06dccc98, 0x07080000)
  to   space 4352K,   0% used [0x07080000, 0x07080000, 0x074c0000)
 tenured generation   total 87424K, used 36999K [0x0f4a0000, 0x14a00000, 0x24a00000)
   the space 87424K,  42% used [0x0f4a0000, 0x118c1c08, 0x118c1e00, 0x14a00000)
 Metaspace       used 20143K, capacity 20601K, committed 20864K, reserved 20864K

Card table byte_map: [0x24a00000,0x24b10000] byte_map_base: 0x249db000

Polling page: 0x00d80000

CodeCache: size=32768Kb used=2264Kb max_used=4375Kb free=30503Kb
 bounds [0x02610000, 0x02a58000, 0x04610000]
 total_blobs=1360 nmethods=1078 adapters=211
 compilation: enabled

Compilation events (10 events):
Event: 2214.168 Thread 0x2509f000 6922             java.awt.Component::getX (5 bytes)
Event: 2214.168 Thread 0x2509f000 nmethod 6922 0x026d29c8 code [0x026d2ac0, 0x026d2b40]
Event: 2215.790 Thread 0x2509f000 6923  s          processing.app.AbstractMonitor::consumeUpdateBuffer (18 bytes)
Event: 2215.790 Thread 0x2509f000 nmethod 6923 0x029551c8 code [0x029552e0, 0x02955668]
Event: 2215.823 Thread 0x2509f000 6924             java.util.concurrent.locks.ReentrantLock$Sync::isHeldExclusively (16 bytes)
Event: 2215.824 Thread 0x2509f000 nmethod 6924 0x026d27c8 code [0x026d28c0, 0x026d2960]
Event: 2216.559 Thread 0x2509f000 6925             processing.app.AbstractMonitor::actionPerformed (19 bytes)
Event: 2216.560 Thread 0x2509f000 nmethod 6925 0x0284ac48 code [0x0284ad80, 0x0284b1a4]
Event: 2217.673 Thread 0x2509f000 6926             javax.swing.JComponent::getX (5 bytes)
Event: 2217.673 Thread 0x2509f000 nmethod 6926 0x02a005c8 code [0x02a006c0, 0x02a00740]

GC Heap History (10 events):
Event: 1133.760 GC heap before
{Heap before GC invocations=25 (full 2):
 def new generation   total 39424K, used 35401K [0x04a00000, 0x074c0000, 0x0f4a0000)
  eden space 35072K, 100% used [0x04a00000, 0x06c40000, 0x06c40000)
  from space 4352K,   7% used [0x07080000, 0x070d2668, 0x074c0000)
  to   space 4352K,   0% used [0x06c40000, 0x06c40000, 0x07080000)
 tenured generation   total 87424K, used 36999K [0x0f4a0000, 0x14a00000, 0x24a00000)
   the space 87424K,  42% used [0x0f4a0000, 0x118c1c08, 0x118c1e00, 0x14a00000)
 Metaspace       used 20065K, capacity 20537K, committed 20864K, reserved 20864K
Event: 1133.763 GC heap after
Heap after GC invocations=26 (full 2):
 def new generation   total 39424K, used 616K [0x04a00000, 0x074c0000, 0x0f4a0000)
  eden space 35072K,   0% used [0x04a00000, 0x04a00000, 0x06c40000)
  from space 4352K,  14% used [0x06c40000, 0x06cda1b8, 0x07080000)
  to   space 4352K,   0% used [0x07080000, 0x07080000, 0x074c0000)
 tenured generation   total 87424K, used 36999K [0x0f4a0000, 0x14a00000, 0x24a00000)
   the space 87424K,  42% used [0x0f4a0000, 0x118c1c08, 0x118c1e00, 0x14a00000)
 Metaspace       used 20065K, capacity 20537K, committed 20864K, reserved 20864K
}
Event: 1368.102 GC heap before
{Heap before GC invocations=26 (full 2):
 def new generation   total 39424K, used 35688K [0x04a00000, 0x074c0000, 0x0f4a0000)
  eden space 35072K, 100% used [0x04a00000, 0x06c40000, 0x06c40000)
  from space 4352K,  14% used [0x06c40000, 0x06cda1b8, 0x07080000)
  to   space 4352K,   0% used [0x07080000, 0x07080000, 0x074c0000)
 tenured generation   total 87424K, used 36999K [0x0f4a0000, 0x14a00000, 0x24a00000)
   the space 87424K,  42% used [0x0f4a0000, 0x118c1c08, 0x118c1e00, 0x14a00000)
 Metaspace       used 20067K, capacity 20537K, committed 20864K, reserved 20864K
Event: 1368.106 GC heap after
Heap after GC invocations=27 (full 2):
 def new generation   total 39424K, used 1062K [0x04a00000, 0x074c0000, 0x0f4a0000)
  eden space 35072K,   0% used [0x04a00000, 0x04a00000, 0x06c40000)
  from space 4352K,  24% used [0x07080000, 0x07189b28, 0x074c0000)
  to   space 4352K,   0% used [0x06c40000, 0x06c40000, 0x07080000)
 tenured generation   total 87424K, used 36999K [0x0f4a0000, 0x14a00000, 0x24a00000)
   the space 87424K,  42% used [0x0f4a0000, 0x118c1c08, 0x118c1e00, 0x14a00000)
 Metaspace       used 20067K, capacity 20537K, committed 20864K, reserved 20864K
}
Event: 1540.169 GC heap before
{Heap before GC invocations=27 (full 2):
 def new generation   total 39424K, used 36134K [0x04a00000, 0x074c0000, 0x0f4a0000)
  eden space 35072K, 100% used [0x04a00000, 0x06c40000, 0x06c40000)
  from space 4352K,  24% used [0x07080000, 0x07189b28, 0x074c0000)
  to   space 4352K,   0% used [0x06c40000, 0x06c40000, 0x07080000)
 tenured generation   total 87424K, used 36999K [0x0f4a0000, 0x14a00000, 0x24a00000)
   the space 87424K,  42% used [0x0f4a0000, 0x118c1c08, 0x118c1e00, 0x14a00000)
 Metaspace       used 20067K, capacity 20537K, committed 20864K, reserved 20864K
Event: 1540.170 GC heap after
Heap after GC invocations=28 (full 2):
 def new generation   total 39424K, used 1079K [0x04a00000, 0x074c0000, 0x0f4a0000)
  eden space 35072K,   0% used [0x04a00000, 0x04a00000, 0x06c40000)
  from space 4352K,  24% used [0x06c40000, 0x06d4dd28, 0x07080000)
  to   space 4352K,   0% used [0x07080000, 0x07080000, 0x074c0000)
 tenured generation   total 87424K, used 36999K [0x0f4a0000, 0x14a00000, 0x24a00000)
   the space 87424K,  42% used [0x0f4a0000, 0x118c1c08, 0x118c1e00, 0x14a00000)
 Metaspace       used 20067K, capacity 20537K, committed 20864K, reserved 20864K
}
Event: 1806.249 GC heap before
{Heap before GC invocations=28 (full 2):
 def new generation   total 39424K, used 36151K [0x04a00000, 0x074c0000, 0x0f4a0000)
  eden space 35072K, 100% used [0x04a00000, 0x06c40000, 0x06c40000)
  from space 4352K,  24% used [0x06c40000, 0x06d4dd28, 0x07080000)
  to   space 4352K,   0% used [0x07080000, 0x07080000, 0x074c0000)
 tenured generation   total 87424K, used 36999K [0x0f4a0000, 0x14a00000, 0x24a00000)
   the space 87424K,  42% used [0x0f4a0000, 0x118c1c08, 0x118c1e00, 0x14a00000)
 Metaspace       used 20135K, capacity 20601K, committed 20864K, reserved 20864K
Event: 1806.252 GC heap after
Heap after GC invocations=29 (full 2):
 def new generation   total 39424K, used 1255K [0x04a00000, 0x074c0000, 0x0f4a0000)
  eden space 35072K,   0% used [0x04a00000, 0x04a00000, 0x06c40000)
  from space 4352K,  28% used [0x07080000, 0x071b9c38, 0x074c0000)
  to   space 4352K,   0% used [0x06c40000, 0x06c40000, 0x07080000)
 tenured generation   total 87424K, used 36999K [0x0f4a0000, 0x14a00000, 0x24a00000)
   the space 87424K,  42% used [0x0f4a0000, 0x118c1c08, 0x118c1e00, 0x14a00000)
 Metaspace       used 20135K, capacity 20601K, committed 20864K, reserved 20864K
}
Event: 2074.645 GC heap before
{Heap before GC invocations=29 (full 2):
 def new generation   total 39424K, used 36327K [0x04a00000, 0x074c0000, 0x0f4a0000)
  eden space 35072K, 100% used [0x04a00000, 0x06c40000, 0x06c40000)
  from space 4352K,  28% used [0x07080000, 0x071b9c38, 0x074c0000)
  to   space 4352K,   0% used [0x06c40000, 0x06c40000, 0x07080000)
 tenured generation   total 87424K, used 36999K [0x0f4a0000, 0x14a00000, 0x24a00000)
   the space 87424K,  42% used [0x0f4a0000, 0x118c1c08, 0x118c1e00, 0x14a00000)
 Metaspace       used 20135K, capacity 20601K, committed 20864K, reserved 20864K
Event: 2074.648 GC heap after
Heap after GC invocations=30 (full 2):
 def new generation   total 39424K, used 1587K [0x04a00000, 0x074c0000, 0x0f4a0000)
  eden space 35072K,   0% used [0x04a00000, 0x04a00000, 0x06c40000)
  from space 4352K,  36% used [0x06c40000, 0x06dccc98, 0x07080000)
  to   space 4352K,   0% used [0x07080000, 0x07080000, 0x074c0000)
 tenured generation   total 87424K, used 36999K [0x0f4a0000, 0x14a00000, 0x24a00000)
   the space 87424K,  42% used [0x0f4a0000, 0x118c1c08, 0x118c1e00, 0x14a00000)
 Metaspace       used 20135K, capacity 20601K, committed 20864K, reserved 20864K
}

Deoptimization events (0 events):
No events

Internal exceptions (10 events):
Event: 2207.975 Thread 0x2792f800 Exception <a 'sun/nio/fs/WindowsException'> (0x06836df0) thrown at [C:\workspace\8-2-build-windows-i586-cygwin\jdk8u92\6642\hotspot\src\share\vm\prims\jni.cpp, line 709]
Event: 2207.975 Thread 0x2792f800 Exception <a 'sun/nio/fs/WindowsException'> (0x068374e8) thrown at [C:\workspace\8-2-build-windows-i586-cygwin\jdk8u92\6642\hotspot\src\share\vm\prims\jni.cpp, line 709]
Event: 2207.975 Thread 0x2792f800 Exception <a 'sun/nio/fs/WindowsException'> (0x068419c0) thrown at [C:\workspace\8-2-build-windows-i586-cygwin\jdk8u92\6642\hotspot\src\share\vm\prims\jni.cpp, line 709]
Event: 2207.975 Thread 0x2792f800 Exception <a 'sun/nio/fs/WindowsException'> (0x06842170) thrown at [C:\workspace\8-2-build-windows-i586-cygwin\jdk8u92\6642\hotspot\src\share\vm\prims\jni.cpp, line 709]
Event: 2207.976 Thread 0x2792f800 Exception <a 'sun/nio/fs/WindowsException'> (0x0684ca18) thrown at [C:\workspace\8-2-build-windows-i586-cygwin\jdk8u92\6642\hotspot\src\share\vm\prims\jni.cpp, line 709]
Event: 2207.976 Thread 0x2792f800 Exception <a 'sun/nio/fs/WindowsException'> (0x0684d110) thrown at [C:\workspace\8-2-build-windows-i586-cygwin\jdk8u92\6642\hotspot\src\share\vm\prims\jni.cpp, line 709]
Event: 2207.976 Thread 0x2792f800 Exception <a 'sun/nio/fs/WindowsException'> (0x06857c50) thrown at [C:\workspace\8-2-build-windows-i586-cygwin\jdk8u92\6642\hotspot\src\share\vm\prims\jni.cpp, line 709]
Event: 2207.976 Thread 0x2792f800 Exception <a 'sun/nio/fs/WindowsException'> (0x06858370) thrown at [C:\workspace\8-2-build-windows-i586-cygwin\jdk8u92\6642\hotspot\src\share\vm\prims\jni.cpp, line 709]
Event: 2207.977 Thread 0x2792f800 Exception <a 'sun/nio/fs/WindowsException'> (0x06864180) thrown at [C:\workspace\8-2-build-windows-i586-cygwin\jdk8u92\6642\hotspot\src\share\vm\prims\jni.cpp, line 709]
Event: 2207.977 Thread 0x2792f800 Exception <a 'sun/nio/fs/WindowsException'> (0x06864890) thrown at [C:\workspace\8-2-build-windows-i586-cygwin\jdk8u92\6642\hotspot\src\share\vm\prims\jni.cpp, line 709]

Events (10 events):
Event: 2212.660 Thread 0x2509f000 flushing nmethod 0x028450c8
Event: 2214.169 Thread 0x2509f000 flushing nmethod 0x02a005c8
Event: 2215.790 Thread 0x2509f000 flushing nmethod 0x026d2788
Event: 2215.790 Thread 0x2509f000 flushing nmethod 0x02727a48
Event: 2215.824 Thread 0x2509f000 flushing nmethod 0x027e1e48
Event: 2215.824 Thread 0x2509f000 flushing nmethod 0x02801148
Event: 2215.824 Thread 0x2509f000 flushing nmethod 0x02839788
Event: 2215.824 Thread 0x2509f000 flushing nmethod 0x02937ac8
Event: 2215.824 Thread 0x2509f000 flushing nmethod 0x02937d08
Event: 2216.560 Thread 0x2509f000 flushing nmethod 0x02960688


Dynamic libraries:
0x011d0000 - 0x01203000 	C:\Program Files (x86)\Arduino\java\bin\javaw.exe
0x772f0000 - 0x77472000 	C:\WINDOWS\SYSTEM32\ntdll.dll
0x74ba0000 - 0x74c80000 	C:\WINDOWS\System32\KERNEL32.DLL
0x76aa0000 - 0x76c41000 	C:\WINDOWS\System32\KERNELBASE.dll
0x74d60000 - 0x74dd7000 	C:\WINDOWS\System32\ADVAPI32.dll
0x74000000 - 0x740be000 	C:\WINDOWS\System32\msvcrt.dll
0x76d50000 - 0x76d91000 	C:\WINDOWS\System32\sechost.dll
0x73f30000 - 0x73ff1000 	C:\WINDOWS\System32\RPCRT4.dll
0x73db0000 - 0x73dce000 	C:\WINDOWS\System32\SspiCli.dll
0x73da0000 - 0x73daa000 	C:\WINDOWS\System32\CRYPTBASE.dll
0x76cf0000 - 0x76d4a000 	C:\WINDOWS\System32\bcryptPrimitives.dll
0x750d0000 - 0x7522f000 	C:\WINDOWS\System32\USER32.dll
0x750b0000 - 0x750c5000 	C:\WINDOWS\System32\win32u.dll
0x741b0000 - 0x741db000 	C:\WINDOWS\System32\GDI32.dll
0x73dd0000 - 0x73f2b000 	C:\WINDOWS\System32\gdi32full.dll
0x65440000 - 0x6564a000 	C:\WINDOWS\WinSxS\x86_microsoft.windows.common-controls_6595b64144ccf1df_6.0.14393.447_none_89c64d28dafea4b9\COMCTL32.dll
0x74930000 - 0x74b41000 	C:\WINDOWS\System32\combase.dll
0x74c80000 - 0x74d60000 	C:\WINDOWS\System32\ucrtbase.dll
0x76a70000 - 0x76a95000 	C:\WINDOWS\System32\IMM32.DLL
0x5d7b0000 - 0x5d86f000 	C:\Program Files (x86)\Arduino\java\bin\msvcr100.dll
0x5be10000 - 0x5c1db000 	C:\Program Files (x86)\Arduino\java\bin\client\jvm.dll
0x74910000 - 0x74916000 	C:\WINDOWS\System32\PSAPI.DLL
0x6a650000 - 0x6a658000 	C:\WINDOWS\SYSTEM32\WSOCK32.dll
0x73cf0000 - 0x73cf8000 	C:\WINDOWS\SYSTEM32\VERSION.dll
0x717a0000 - 0x717c4000 	C:\WINDOWS\SYSTEM32\WINMM.dll
0x74e10000 - 0x74e73000 	C:\WINDOWS\System32\WS2_32.dll
0x6ff20000 - 0x6ff43000 	C:\WINDOWS\SYSTEM32\WINMMBASE.dll
0x76e00000 - 0x76e36000 	C:\WINDOWS\System32\cfgmgr32.dll
0x6a670000 - 0x6a6a1000 	C:\Program Files (x86)\Arduino\java\bin\splashscreen.dll
0x6cb00000 - 0x6cb75000 	C:\WINDOWS\system32\uxtheme.dll
0x6b8a0000 - 0x6b8ac000 	C:\Program Files (x86)\Arduino\java\bin\verify.dll
0x74e80000 - 0x74fb5000 	C:\WINDOWS\System32\MSCTF.dll
0x753b0000 - 0x75444000 	C:\WINDOWS\System32\OLEAUT32.dll
0x77260000 - 0x772db000 	C:\WINDOWS\System32\msvcp_win.dll
0x64dd0000 - 0x64df1000 	C:\Program Files (x86)\Arduino\java\bin\java.dll
0x64db0000 - 0x64dc3000 	C:\Program Files (x86)\Arduino\java\bin\zip.dll
0x76a60000 - 0x76a6d000 	C:\WINDOWS\System32\kernel.appcore.dll
0x75450000 - 0x76829000 	C:\WINDOWS\System32\SHELL32.dll
0x741e0000 - 0x7474e000 	C:\WINDOWS\System32\windows.storage.dll
0x748c0000 - 0x74905000 	C:\WINDOWS\System32\powrprof.dll
0x76a10000 - 0x76a56000 	C:\WINDOWS\System32\shlwapi.dll
0x75230000 - 0x752b8000 	C:\WINDOWS\System32\shcore.dll
0x74de0000 - 0x74def000 	C:\WINDOWS\System32\profapi.dll
0x5bcc0000 - 0x5be05000 	C:\Program Files (x86)\Arduino\java\bin\awt.dll
0x73d00000 - 0x73d92000 	C:\WINDOWS\SYSTEM32\apphelp.dll
0x6ef20000 - 0x6ef3f000 	C:\WINDOWS\system32\dwmapi.dll
0x752c0000 - 0x753aa000 	C:\WINDOWS\System32\ole32.dll
0x61740000 - 0x6176c000 	C:\Program Files (x86)\Arduino\lib\listSerialsj.dll
0x76e40000 - 0x7724b000 	C:\WINDOWS\System32\SETUPAPI.dll
0x73290000 - 0x732a3000 	C:\WINDOWS\SYSTEM32\CRYPTSP.dll
0x73260000 - 0x7328f000 	C:\WINDOWS\system32\rsaenh.dll
0x73c60000 - 0x73c7b000 	C:\WINDOWS\SYSTEM32\bcrypt.dll
0x71600000 - 0x7161a000 	C:\WINDOWS\SYSTEM32\USERENV.dll
0x64d50000 - 0x64d66000 	C:\Program Files (x86)\Arduino\java\bin\net.dll
0x732b0000 - 0x732fe000 	C:\WINDOWS\system32\mswsock.dll
0x71770000 - 0x7179f000 	C:\WINDOWS\SYSTEM32\IPHLPAPI.DLL
0x772e0000 - 0x772e7000 	C:\WINDOWS\System32\NSI.dll
0x6d9f0000 - 0x6da03000 	C:\WINDOWS\SYSTEM32\dhcpcsvc6.DLL
0x6d9d0000 - 0x6d9e4000 	C:\WINDOWS\SYSTEM32\dhcpcsvc.DLL
0x6a920000 - 0x6a92f000 	C:\Program Files (x86)\Arduino\java\bin\nio.dll
0x26e40000 - 0x26e7d000 	C:\Users\Lenox\AppData\Local\Temp\jna-73305758\jna3127870704631303774.dll
0x5eb00000 - 0x5eb39000 	C:\Program Files (x86)\Arduino\java\bin\fontmanager.dll
0x5bc80000 - 0x5bcb2000 	C:\Program Files (x86)\Arduino\java\bin\t2k.dll
0x73c30000 - 0x73c52000 	C:\WINDOWS\SYSTEM32\DEVOBJ.dll
0x74b50000 - 0x74b94000 	C:\WINDOWS\System32\WINTRUST.dll
0x77250000 - 0x7725e000 	C:\WINDOWS\System32\MSASN1.dll
0x76890000 - 0x76a0d000 	C:\WINDOWS\System32\CRYPT32.dll
0x6fa90000 - 0x6fb0c000 	C:\WINDOWS\SYSTEM32\DNSAPI.dll
0x6cba0000 - 0x6cbc1000 	C:\Program Files (x86)\Bonjour\mdnsNSP.dll
0x6d850000 - 0x6d858000 	C:\Windows\System32\rasadhlp.dll
0x6d980000 - 0x6d9c9000 	C:\WINDOWS\System32\fwpuclnt.dll
0x5bc10000 - 0x5bc79000 	C:\Program Files (x86)\Arduino\msvcp100.dll
0x5bb50000 - 0x5bc0e000 	C:\Program Files (x86)\Arduino\msvcr100.dll
0x28660000 - 0x28692000 	C:\Program Files (x86)\Arduino\lib\AStylej.dll
0x5bb20000 - 0x5bb44000 	C:\Program Files (x86)\Arduino\java\bin\dcpr.dll
0x74120000 - 0x741a4000 	C:\WINDOWS\System32\clbcatq.dll
0x611a0000 - 0x6130e000 	C:\WINDOWS\SYSTEM32\WindowsCodecs.dll
0x6a8d0000 - 0x6a914000 	C:\WINDOWS\system32\dataexchange.dll
0x66dd0000 - 0x66fff000 	C:\WINDOWS\system32\d3d11.dll
0x66cb0000 - 0x66dc3000 	C:\WINDOWS\system32\dcomp.dll
0x6a840000 - 0x6a8c4000 	C:\WINDOWS\system32\dxgi.dll
0x66bb0000 - 0x66ca1000 	C:\WINDOWS\system32\twinapi.appcore.dll
0x5a540000 - 0x5a560000 	C:\Program Files (x86)\Arduino\java\bin\sunec.dll
0x64c00000 - 0x64c09000 	C:\Program Files (x86)\Arduino\java\bin\sunmscapi.dll
0x6cb80000 - 0x6cb92000 	C:\WINDOWS\system32\napinsp.dll
0x6ca80000 - 0x6ca96000 	C:\WINDOWS\system32\pnrpnsp.dll
0x6c430000 - 0x6c444000 	C:\WINDOWS\system32\NLAapi.dll
0x6c420000 - 0x6c42c000 	C:\WINDOWS\System32\winrnr.dll
0x64000000 - 0x6401b000 	C:\Users\Lenox\.jssc\windows\jSSC-2.8_x86.dll
0x74fc0000 - 0x750a5000 	C:\WINDOWS\System32\COMDLG32.dll
0x6ecd0000 - 0x6ee1f000 	C:\WINDOWS\system32\propsys.dll
0x64c30000 - 0x64cab000 	C:\Program Files (x86)\Common Files\microsoft shared\ink\tiptsf.dll
0x65210000 - 0x6524d000 	C:\WINDOWS\SYSTEM32\edputil.dll
0x65250000 - 0x65293000 	C:\Windows\System32\thumbcache.dll
0x5e0c0000 - 0x5e181000 	C:\WINDOWS\SYSTEM32\ntshrui.dll
0x6f150000 - 0x6f16c000 	C:\WINDOWS\SYSTEM32\srvcli.dll
0x6b8b0000 - 0x6b8bf000 	C:\WINDOWS\SYSTEM32\cscapi.dll
0x6a580000 - 0x6a5bf000 	C:\WINDOWS\SYSTEM32\policymanager.dll
0x64cb0000 - 0x64d17000 	C:\WINDOWS\SYSTEM32\msvcp110_win.dll
0x5c590000 - 0x5c718000 	C:\Users\Lenox\AppData\Local\Microsoft\OneDrive\17.3.6390.0509\FileSyncShell.dll
0x5c540000 - 0x5c58d000 	C:\Users\Lenox\AppData\Local\Microsoft\OneDrive\17.3.6390.0509\Telemetry.dll
0x734a0000 - 0x736cf000 	C:\WINDOWS\SYSTEM32\WININET.dll
0x64d80000 - 0x64da7000 	C:\Users\Lenox\AppData\Local\Microsoft\OneDrive\17.3.6390.0509\LoggingPlatform.DLL
0x5b010000 - 0x5b081000 	C:\Users\Lenox\AppData\Local\Microsoft\OneDrive\17.3.6390.0509\MSVCP120.dll
0x5b090000 - 0x5b17e000 	C:\Users\Lenox\AppData\Local\Microsoft\OneDrive\17.3.6390.0509\MSVCR120.dll
0x71620000 - 0x716c0000 	C:\WINDOWS\SYSTEM32\WINHTTP.dll
0x5c490000 - 0x5c538000 	C:\Users\Lenox\AppData\Local\Microsoft\OneDrive\17.3.6390.0509\ClientTelemetry.dll
0x58550000 - 0x58571000 	C:\WINDOWS\SYSTEM32\Cabinet.dll
0x5c310000 - 0x5c487000 	C:\Program Files (x86)\Microsoft Office\root\Office16\GROOVEEX.DLL
0x6c400000 - 0x6c415000 	C:\WINDOWS\SYSTEM32\VCRUNTIME140.dll
0x6bd40000 - 0x6bdad000 	C:\WINDOWS\SYSTEM32\MSVCP140.dll
0x70110000 - 0x7049b000 	C:\WINDOWS\SYSTEM32\msi.dll
0x2b7b0000 - 0x2c030000 	C:\Program Files (x86)\Microsoft Office\root\Office16\1033\GrooveIntlResource.dll
0x28bd0000 - 0x28c44000 	C:\ProgramData\BitTorrent Sync\ShellExtensionOverlay86_128.dll
0x653f0000 - 0x65402000 	C:\WINDOWS\system32\mssprxy.dll
0x5c1e0000 - 0x5c304000 	C:\WINDOWS\system32\NetworkExplorer.dll
0x5e1e0000 - 0x5e265000 	C:\WINDOWS\System32\StructuredQuery.dll
0x5af60000 - 0x5b00f000 	C:\WINDOWS\system32\Windows.Storage.Search.dll
0x73330000 - 0x73475000 	C:\WINDOWS\SYSTEM32\dbghelp.dll

VM Arguments:
jvm_args: -Dsun.java2d.d3d=false -Djna.nosys=true -DAPP_DIR=C:\Program Files (x86)\Arduino -Xms128M -Xmx512M 
java_command: processing.app.Base C:\Users\Lenox\Documents\GitHub\Bluefruit_Feather_M0\feather_code_combined\feather_code_combined.ino
java_class_path (initial): C:\Program Files (x86)\Arduino\lib\apple.jar;C:\Program Files (x86)\Arduino\lib\arduino-core.jar;C:\Program Files (x86)\Arduino\lib\batik-1.8.jar;C:\Program Files (x86)\Arduino\lib\batik-anim-1.8.jar;C:\Program Files (x86)\Arduino\lib\batik-awt-util-1.8.jar;C:\Program Files (x86)\Arduino\lib\batik-bridge-1.8.jar;C:\Program Files (x86)\Arduino\lib\batik-codec-1.8.jar;C:\Program Files (x86)\Arduino\lib\batik-css-1.8.jar;C:\Program Files (x86)\Arduino\lib\batik-dom-1.8.jar;C:\Program Files (x86)\Arduino\lib\batik-ext-1.8.jar;C:\Program Files (x86)\Arduino\lib\batik-gvt-1.8.jar;C:\Program Files (x86)\Arduino\lib\batik-parser-1.8.jar;C:\Program Files (x86)\Arduino\lib\batik-rasterizer-1.8.jar;C:\Program Files (x86)\Arduino\lib\batik-script-1.8.jar;C:\Program Files (x86)\Arduino\lib\batik-squiggle-1.8.jar;C:\Program Files (x86)\Arduino\lib\batik-svg-dom-1.8.jar;C:\Program Files (x86)\Arduino\lib\batik-svgpp-1.8.jar;C:\Program Files (x86)\Arduino\lib\batik-transcoder-1.8.jar;C:\Program Files (x86)\Arduino\lib\batik-util-1.8.jar;C:\Program Files (x86)\Arduino\lib\batik-xml-1.8.jar;C:\Program Files (x86)\Arduino\lib\bcpg-jdk15on-152.jar;C:\Program Files (x86)\Arduino\lib\bcprov-jdk15on-152.jar;C:\Program Files (x86)\Arduino\lib\commons-codec-1.7.jar;C:\Program Files (x86)\Arduino\lib\commons-compress-1.8.jar;C:\Program Files (x86)\Arduino\lib\commons-exec-1.1.jar;C:\Program Files (x86)\Arduino\lib\commons-httpclient-3.1.jar;C:\Program Files (x86)\Arduino\lib\commons-lang3-3.3.2.jar;C:\Program Files (x86)\Arduino\lib\commons-logging-1.0.4.jar;C:\Program Files (x86)\Arduino\lib\commons-net-3.3.jar;C:\Program Files (x86)\Arduino\lib\jackson-annotations-2.6.3.jar;C:\Program Files (x86)\Arduino\lib\jackson-core-2.6.3.jar;C:\Program Files (x86)\Arduino\lib\jackson-databind-2.6.3.jar;C:\Program Files (x86)\Arduino\lib\jackson-module-mrbean-2.6.3.jar;C:\Program Files (x86)\Arduino\lib\java-semver-0.8.0.jar;C:\Program Files (x86)\Arduino\lib\jmdns-3.4.1.j
Launcher Type: SUN_STANDARD

Environment Variables:
PATH=C:\Program Files (x86)\NVIDIA Corporation\PhysX\Common;C:\WINDOWS\system32;C:\WINDOWS;C:\WINDOWS\System32\Wbem;C:\WINDOWS\System32\WindowsPowerShell\v1.0\;C:\Program Files\MATLAB\R2015b\bin;C:\Program Files (x86)\Skype\Phone\;C:\Users\Lenox\AppData\Local\Programs\MiKTeX 2.9\miktex\bin\;%USERPROFILE%\AppData\Local\Microsoft\WindowsApps;;C:\Program Files (x86)\Arduino\java\bin
USERNAME=Lenox
OS=Windows_NT
PROCESSOR_IDENTIFIER=Intel64 Family 6 Model 58 Stepping 9, GenuineIntel



---------------  S Y S T E M  ---------------

OS: Windows 10.0 , 64 bit Build 14393 (10.0.14393.0)

CPU:total 8 (4 cores per cpu, 2 threads per core) family 6 model 58 stepping 9, cmov, cx8, fxsr, mmx, sse, sse2, sse3, ssse3, sse4.1, sse4.2, popcnt, avx, aes, clmul, erms, ht, tsc, tscinvbit, tscinv

Memory: 4k page, physical 8343120k(3803044k free), swap 9653840k(3424668k free)

vm_info: Java HotSpot(TM) Client VM (25.92-b14) for windows-x86 JRE (1.8.0_92-b14), built on Mar 31 2016 21:09:21 by "java_re" with MS VC++ 10.0 (VS2010)

time: Sat Dec 03 23:37:09 2016
elapsed time: 2218 seconds (0d 0h 36m 58s)

